<?xml version="1.0" encoding="UTF-8"?>
<testng-results ignored="0" total="3" passed="3" failed="0" skipped="0">
  <reporter-output>
  </reporter-output>
  <suite started-at="2025-01-17T20:10:07 IST" name="Default suite" finished-at="2025-01-17T20:10:26 IST" duration-ms="18823">
    <groups>
    </groups>
    <test started-at="2025-01-17T20:10:07 IST" name="Default test" finished-at="2025-01-17T20:10:26 IST" duration-ms="18823">
      <class name="testCases.AddToCartFunctionality">
        <test-method is-config="true" signature="initDriver()[pri:0, instance:testCases.AddToCartFunctionality@7d900ecf]" started-at="2025-01-17T20:10:03 IST" name="initDriver" finished-at="2025-01-17T20:10:07 IST" duration-ms="4693" status="PASS">
          <reporter-output>
          </reporter-output>
        </test-method> <!-- initDriver -->
        <test-method is-config="true" signature="enterToSite()[pri:0, instance:testCases.AddToCartFunctionality@7d900ecf]" started-at="2025-01-17T20:10:07 IST" name="enterToSite" finished-at="2025-01-17T20:10:14 IST" duration-ms="7040" status="PASS">
          <reporter-output>
          </reporter-output>
        </test-method> <!-- enterToSite -->
        <test-method signature="addProductThreeUnitToCart()[pri:-1, instance:testCases.AddToCartFunctionality@7d900ecf]" started-at="2025-01-17T20:10:14 IST" name="addProductThreeUnitToCart" finished-at="2025-01-17T20:10:19 IST" duration-ms="4167" status="PASS">
          <reporter-output>
          </reporter-output>
        </test-method> <!-- addProductThreeUnitToCart -->
        <test-method signature="addProductTwoUnitToCart()[pri:0, instance:testCases.AddToCartFunctionality@7d900ecf]" started-at="2025-01-17T20:10:19 IST" name="addProductTwoUnitToCart" finished-at="2025-01-17T20:10:22 IST" duration-ms="3387" status="PASS">
          <reporter-output>
          </reporter-output>
        </test-method> <!-- addProductTwoUnitToCart -->
        <test-method signature="addProductOneUnitToCart()[pri:2, instance:testCases.AddToCartFunctionality@7d900ecf]" started-at="2025-01-17T20:10:22 IST" name="addProductOneUnitToCart" finished-at="2025-01-17T20:10:25 IST" duration-ms="3274" status="PASS">
          <reporter-output>
          </reporter-output>
        </test-method> <!-- addProductOneUnitToCart -->
        <test-method is-config="true" signature="terminateDriver()[pri:0, instance:testCases.AddToCartFunctionality@7d900ecf]" started-at="2025-01-17T20:10:25 IST" name="terminateDriver" finished-at="2025-01-17T20:10:26 IST" duration-ms="842" status="PASS">
          <reporter-output>
          </reporter-output>
        </test-method> <!-- terminateDriver -->
      </class> <!-- testCases.AddToCartFunctionality -->
    </test> <!-- Default test -->
  </suite> <!-- Default suite -->
</testng-results>
