<?xml version="1.0" encoding="UTF-8"?>
<!-- Generated by org.testng.reporters.JUnitXMLReporter -->
<testsuite ignored="1" hostname="Dasvin" failures="0" tests="5" name="ShopifyTest" time="20.397" errors="0" timestamp="2025-01-11T03:32:48 IST">
  <testcase classname="testCases.VisitorEntryFunctionality" name="VisitorLoginWithInvalidPasscode" time="2.474"/>
  <testcase classname="testCases.VisitorEntryFunctionality" name="VisitorLoginWithValidPasscode" time="4.266"/>
  <testcase classname="testCases.AddToCartFunctionality" name="addProductOneUnitToCart" time="3.959"/>
  <testcase classname="testCases.AddToCartFunctionality" name="addProductTwoUnitToCart" time="3.376"/>
  <testcase classname="testCases.AddToCartFunctionality" name="addProductThreeUnitToCart" time="3.607"/>
  <testcase classname="base.DriverSetup" name="@BeforeSuite initDriver" time="0.0">
    <ignored/>
  </testcase> <!-- @BeforeSuite initDriver -->
</testsuite> <!-- ShopifyTest -->
